::1 - - [21/Dec/2021:02:55:57 +0000] "DELETE /api/v1/categories/5e90434cd433fa11b078ed8a HTTP/1.1" 200 41 "-" "PostmanRuntime/7.28.4"
::1 - - [21/Dec/2021:02:56:10 +0000] "GET /api/v1/categories/5e90434cd433fa11b078ed8a HTTP/1.1" 200 45 "-" "PostmanRuntime/7.28.4"
::1 - - [21/Dec/2021:03:27:28 +0000] "GET /api/v1/categories/5e90434cd433fa11b078ed8a HTTP/1.1" 200 45 "-" "PostmanRuntime/7.28.4"
::1 - - [21/Dec/2021:03:27:30 +0000] "GET /api/v1/categories HTTP/1.1" 200 38 "-" "PostmanRuntime/7.28.4"
::1 - - [21/Dec/2021:03:39:28 +0000] "POST /api/v1/categories HTTP/1.1" 200 144 "-" "PostmanRuntime/7.28.4"
::1 - - [21/Dec/2021:03:39:33 +0000] "GET /api/v1/categories HTTP/1.1" 200 38 "-" "PostmanRuntime/7.28.4"
::1 - - [21/Dec/2021:03:42:42 +0000] "GET /api/v1/categories HTTP/1.1" 200 146 "-" "PostmanRuntime/7.28.4"
::1 - - [21/Dec/2021:03:43:57 +0000] "GET /api/v1/categories/61c14c70b88897df04c092d7 HTTP/1.1" 200 144 "-" "PostmanRuntime/7.28.4"
::1 - - [21/Dec/2021:03:44:01 +0000] "GET /api/v1/categories/1 HTTP/1.1" 400 249 "-" "PostmanRuntime/7.28.4"
::1 - - [21/Dec/2021:03:44:13 +0000] "GET /api/v1/categories/1123123123 HTTP/1.1" 400 276 "-" "PostmanRuntime/7.28.4"
::1 - - [21/Dec/2021:03:46:35 +0000] "GET /api/v1/categories/1123123123 HTTP/1.1" 400 276 "-" "PostmanRuntime/7.28.4"
::1 - - [21/Dec/2021:03:46:40 +0000] "GET /api/v1/categories/1123123123 HTTP/1.1" 400 276 "-" "PostmanRuntime/7.28.4"
::1 - - [21/Dec/2021:03:46:56 +0000] "GET /api/v1/categories/61c14c70b88897df04c092d1 HTTP/1.1" 400 76 "-" "PostmanRuntime/7.28.4"
::1 - - [21/Dec/2021:03:48:03 +0000] "GET /api/v1/categories/61c14c70b88897df04c092d1 HTTP/1.1" 400 76 "-" "PostmanRuntime/7.28.4"
::1 - - [21/Dec/2021:03:48:06 +0000] "GET /api/v1/categories/61c14c70b88897df04c092d7 HTTP/1.1" 200 144 "-" "PostmanRuntime/7.28.4"
::1 - - [21/Dec/2021:03:48:10 +0000] "GET /api/v1/categories/61c14c70b88897df04c092d712 HTTP/1.1" 400 324 "-" "PostmanRuntime/7.28.4"
::1 - - [21/Dec/2021:03:49:10 +0000] "DELETE /api/v1/categories/61c14c70b88897df04c092d7 HTTP/1.1" 200 144 "-" "PostmanRuntime/7.28.4"
::1 - - [21/Dec/2021:03:49:13 +0000] "GET /api/v1/categories HTTP/1.1" 200 26 "-" "PostmanRuntime/7.28.4"
::1 - - [21/Dec/2021:03:51:25 +0000] "PUT /api/v1/categories/12 HTTP/1.1" 400 252 "-" "PostmanRuntime/7.28.4"
::1 - - [21/Dec/2021:03:51:41 +0000] "PUT /api/v1/categories/12 HTTP/1.1" 400 252 "-" "PostmanRuntime/7.28.4"
::1 - - [21/Dec/2021:03:51:46 +0000] "POST /api/v1/categories HTTP/1.1" 200 144 "-" "PostmanRuntime/7.28.4"
::1 - - [21/Dec/2021:03:51:53 +0000] "PUT /api/v1/categories/61c14f52391a044fab280a35 HTTP/1.1" 200 144 "-" "PostmanRuntime/7.28.4"
::1 - - [21/Dec/2021:03:52:01 +0000] "GET /api/v1/categories HTTP/1.1" 200 146 "-" "PostmanRuntime/7.28.4"
::1 - - [21/Dec/2021:03:52:30 +0000] "PUT /api/v1/categories/61c14f52391a044fab280a35 HTTP/1.1" 200 144 "-" "PostmanRuntime/7.28.4"
::1 - - [21/Dec/2021:03:52:50 +0000] "PUT /api/v1/categories/61c14f52391a044fab280a35 HTTP/1.1" 200 144 "-" "PostmanRuntime/7.28.4"
::1 - - [21/Dec/2021:03:54:09 +0000] "PUT /api/v1/categories/61c14f52391a044fab280a35 HTTP/1.1" 200 144 "-" "PostmanRuntime/7.28.4"
::1 - - [21/Dec/2021:03:54:38 +0000] "PUT /api/v1/categories/61c14f52391a044fab280a35 HTTP/1.1" 200 128 "-" "PostmanRuntime/7.28.4"
::1 - - [21/Dec/2021:03:59:07 +0000] "GET /api/v1/categories/61c14c70b88897df04c092d7 HTTP/1.1" 400 76 "-" "PostmanRuntime/7.28.4"
::1 - - [21/Dec/2021:03:59:18 +0000] "GET /api/v1/categories/61c14f52391a044fab280a35 HTTP/1.1" 200 128 "-" "PostmanRuntime/7.28.4"
::1 - - [21/Dec/2021:03:59:21 +0000] "GET /api/v1/categories/61c14f52391a044fab280a35asdasdasd HTTP/1.1" 500 595 "-" "PostmanRuntime/7.28.4"
::1 - - [21/Dec/2021:04:00:52 +0000] "GET /api/v1/categories/61c14f52391a044fab280a35asdasdasd HTTP/1.1" 500 595 "-" "PostmanRuntime/7.28.4"
::1 - - [21/Dec/2021:04:02:05 +0000] "GET /api/v1/categories/61c14f52391a044fab280a35asdasdasd HTTP/1.1" 500 152 "-" "PostmanRuntime/7.28.4"
::1 - - [21/Dec/2021:04:02:36 +0000] "GET /api/v1/categories/61c14f52391a044fab280a35asdasdasd HTTP/1.1" 500 152 "-" "PostmanRuntime/7.28.4"
::1 - - [21/Dec/2021:04:02:49 +0000] "GET /api/v1/categories/61c14f52391a044fab280a35asdasdasd HTTP/1.1" 500 152 "-" "PostmanRuntime/7.28.4"
::1 - - [21/Dec/2021:04:03:14 +0000] "GET /api/v1/categories HTTP/1.1" 200 130 "-" "PostmanRuntime/7.28.4"
::1 - - [21/Dec/2021:04:03:16 +0000] "GET /api/v1/categorie HTTP/1.1" 404 155 "-" "PostmanRuntime/7.28.4"
::1 - - [21/Dec/2021:04:03:20 +0000] "GET /api/v1/categories HTTP/1.1" 200 130 "-" "PostmanRuntime/7.28.4"
::1 - - [21/Dec/2021:04:03:28 +0000] "GET /api/v1/categories/61c14f52391a044fab280a35 HTTP/1.1" 200 128 "-" "PostmanRuntime/7.28.4"
::1 - - [21/Dec/2021:04:03:31 +0000] "GET /api/v1/categories/61c14f52391a044fab280a34 HTTP/1.1" 400 76 "-" "PostmanRuntime/7.28.4"
::1 - - [21/Dec/2021:04:03:34 +0000] "GET /api/v1/categories/61c14f52391a044fab280a34asd HTTP/1.1" 500 146 "-" "PostmanRuntime/7.28.4"
::1 - - [21/Dec/2021:04:03:39 +0000] "GET /api/v1/categories/61c14f52391a044fab280a34 HTTP/1.1" 400 76 "-" "PostmanRuntime/7.28.4"
::1 - - [21/Dec/2021:04:03:49 +0000] "POST /api/v1/categories HTTP/1.1" 200 144 "-" "PostmanRuntime/7.28.4"
::1 - - [21/Dec/2021:04:03:51 +0000] "GET /api/v1/categories HTTP/1.1" 200 251 "-" "PostmanRuntime/7.28.4"
::1 - - [21/Dec/2021:06:11:20 +0000] "GET /api/v1/categorie HTTP/1.1" 404 155 "-" "PostmanRuntime/7.28.4"
::1 - - [21/Dec/2021:06:11:23 +0000] "GET /api/v1/categories HTTP/1.1" 200 251 "-" "PostmanRuntime/7.28.4"
::1 - - [21/Dec/2021:06:11:28 +0000] "GET /api/v1/categories/61c14f52391a044fab280a34 HTTP/1.1" 400 76 "-" "PostmanRuntime/7.28.4"
::1 - - [21/Dec/2021:06:11:35 +0000] "GET /api/v1/categories/61c14f52391a044fab280a3 HTTP/1.1" 500 142 "-" "PostmanRuntime/7.28.4"
::1 - - [21/Dec/2021:06:11:39 +0000] "GET /api/v1/categories/61c14f52391a044fab280a35 HTTP/1.1" 200 128 "-" "PostmanRuntime/7.28.4"
::1 - - [21/Dec/2021:06:11:44 +0000] "GET /api/v1/categories/61c14f52391a044fab280a36 HTTP/1.1" 400 76 "-" "PostmanRuntime/7.28.4"
::1 - - [21/Dec/2021:06:11:48 +0000] "GET /api/v1/categories/61c14f52391a044fab280a35 HTTP/1.1" 200 128 "-" "PostmanRuntime/7.28.4"
::1 - - [21/Dec/2021:06:18:28 +0000] "GET /api/v1/categories/61c14f52391a044fab280a35 HTTP/1.1" 200 128 "-" "PostmanRuntime/7.28.4"
::1 - - [21/Dec/2021:06:29:18 +0000] "GET /api/v1/categories/61c14f52391a044fab280a31 HTTP/1.1" 400 76 "-" "PostmanRuntime/7.28.4"
::1 - - [21/Dec/2021:06:29:24 +0000] "GET /api/v1/categories/61c14f52391a044fab280a3 HTTP/1.1" 500 142 "-" "PostmanRuntime/7.28.4"
::1 - - [21/Dec/2021:06:29:27 +0000] "GET /api/v1/categories/61c14f52391a044fab280a35 HTTP/1.1" 200 128 "-" "PostmanRuntime/7.28.4"
::1 - - [21/Dec/2021:06:31:41 +0000] "GET /api/v1/categories/61c14f52391a044fab280a3 HTTP/1.1" 500 69 "-" "PostmanRuntime/7.28.4"
::1 - - [21/Dec/2021:06:31:44 +0000] "GET /api/v1/categories/61c14f52391a044fab280a35 HTTP/1.1" 200 128 "-" "PostmanRuntime/7.28.4"
::1 - - [21/Dec/2021:06:32:11 +0000] "POST /api/v1/categories HTTP/1.1" 500 132 "-" "PostmanRuntime/7.28.4"
::1 - - [21/Dec/2021:06:33:16 +0000] "GET /api/v1/categories/61c14f52391a044fab280a35 HTTP/1.1" 200 128 "-" "PostmanRuntime/7.28.4"
::1 - - [21/Dec/2021:06:33:18 +0000] "GET /api/v1/categories/61c14f52391a044fab280a3 HTTP/1.1" 500 242 "-" "PostmanRuntime/7.28.4"
::1 - - [21/Dec/2021:06:33:27 +0000] "GET /api/v1/categories/61c14f52391a044fab280a35 HTTP/1.1" 200 128 "-" "PostmanRuntime/7.28.4"
::1 - - [21/Dec/2021:06:35:29 +0000] "POST /api/v1/categories HTTP/1.1" 400 206 "-" "PostmanRuntime/7.28.4"
::1 - - [21/Dec/2021:06:35:33 +0000] "GET /api/v1/categories/61c14f52391a044fab280a35 HTTP/1.1" 200 128 "-" "PostmanRuntime/7.28.4"
::1 - - [21/Dec/2021:06:35:35 +0000] "GET /api/v1/categories/61c14f52391a044fab280a3 HTTP/1.1" 500 169 "-" "PostmanRuntime/7.28.4"
::1 - - [21/Dec/2021:06:36:48 +0000] "GET /api/v1/categories/61c14f52391a044fab280a3 HTTP/1.1" 500 169 "-" "PostmanRuntime/7.28.4"
::1 - - [21/Dec/2021:06:37:56 +0000] "GET /api/v1/categories HTTP/1.1" 200 251 "-" "PostmanRuntime/7.28.4"
::1 - - [21/Dec/2021:07:03:13 +0000] "GET /api/v1/categories?select=name HTTP/1.1" 200 251 "-" "PostmanRuntime/7.28.4"
::1 - - [21/Dec/2021:07:04:31 +0000] "GET /api/v1/categories?select=name HTTP/1.1" 200 251 "-" "PostmanRuntime/7.28.4"
::1 - - [21/Dec/2021:07:04:59 +0000] "GET /api/v1/categories?select=name HTTP/1.1" 200 141 "-" "PostmanRuntime/7.28.4"
::1 - - [21/Dec/2021:07:05:17 +0000] "GET /api/v1/categories?select=name%20photo HTTP/1.1" 200 187 "-" "PostmanRuntime/7.28.4"
::1 - - [21/Dec/2021:07:07:08 +0000] "GET /api/v1/categories?select=name%20photo&sort=name HTTP/1.1" 200 187 "-" "PostmanRuntime/7.28.4"
::1 - - [21/Dec/2021:07:07:10 +0000] "GET /api/v1/categories?select=name%20photo&sort=name HTTP/1.1" 200 187 "-" "PostmanRuntime/7.28.4"
::1 - - [21/Dec/2021:07:08:00 +0000] "GET /api/v1/categories?select=name%20photo&sort=name HTTP/1.1" 200 187 "-" "PostmanRuntime/7.28.4"
::1 - - [21/Dec/2021:07:08:16 +0000] "GET /api/v1/categories?select=name%20photo&sort=name HTTP/1.1" 200 187 "-" "PostmanRuntime/7.28.4"
::1 - - [21/Dec/2021:07:09:49 +0000] "GET /api/v1/categories?select=name%20photo&sort=name HTTP/1.1" 200 187 "-" "PostmanRuntime/7.28.4"
::1 - - [21/Dec/2021:07:09:58 +0000] "PUT /api/v1/categories/61c152254cbaa4b5ae867871 HTTP/1.1" 200 128 "-" "PostmanRuntime/7.28.4"
::1 - - [21/Dec/2021:07:10:02 +0000] "GET /api/v1/categories?select=name%20photo&sort=name HTTP/1.1" 200 171 "-" "PostmanRuntime/7.28.4"
::1 - - [21/Dec/2021:07:54:49 +0000] "POST /api/v1/categories HTTP/1.1" 200 130 "-" "PostmanRuntime/7.28.4"
::1 - - [21/Dec/2021:07:54:54 +0000] "POST /api/v1/categories HTTP/1.1" 200 128 "-" "PostmanRuntime/7.28.4"
::1 - - [21/Dec/2021:07:55:05 +0000] "POST /api/v1/categories HTTP/1.1" 200 129 "-" "PostmanRuntime/7.28.4"
::1 - - [21/Dec/2021:07:55:17 +0000] "GET /api/v1/categories?select=name%20photo&sort=name HTTP/1.1" 200 396 "-" "PostmanRuntime/7.28.4"
::1 - - [21/Dec/2021:08:08:07 +0000] "GET /api/v1/quizs HTTP/1.1" 500 28 "-" "PostmanRuntime/7.28.4"
::1 - - [21/Dec/2021:08:08:29 +0000] "GET /api/v1/quizs HTTP/1.1" 200 293 "-" "PostmanRuntime/7.28.4"
::1 - - [21/Dec/2021:08:09:04 +0000] "GET /api/v1/quizs HTTP/1.1" 200 303 "-" "PostmanRuntime/7.28.4"
::1 - - [21/Dec/2021:08:10:05 +0000] "GET /api/v1/categories/61c14f52391a044fab280a3 HTTP/1.1" 500 169 "-" "PostmanRuntime/7.28.4"
::1 - - [21/Dec/2021:08:13:12 +0000] "GET /api/v1/categories/61c14f52391a044fab280a3/quizs HTTP/1.1" 200 303 "-" "PostmanRuntime/7.28.4"
::1 - - [21/Dec/2021:08:13:17 +0000] "GET /api/v1/categories?select=name%20photo&sort=name HTTP/1.1" 200 174 "-" "PostmanRuntime/7.28.4"
::1 - - [21/Dec/2021:08:13:55 +0000] "PUT /api/v1/categories/61c152254cbaa4b5ae867871 HTTP/1.1" 400 44 "-" "PostmanRuntime/7.28.4"
::1 - - [21/Dec/2021:08:14:15 +0000] "GET /api/v1/categories/61c1878b8f62d11e60874557/quizs HTTP/1.1" 200 303 "-" "PostmanRuntime/7.28.4"
::1 - - [21/Dec/2021:08:14:23 +0000] "GET /api/v1/categories/61c1878b8f62d11e60874558/quizs HTTP/1.1" 200 36 "-" "PostmanRuntime/7.28.4"
::1 - - [21/Dec/2021:08:14:47 +0000] "GET /api/v1/categories/61c1878b8f62d11e60874557/quizs HTTP/1.1" 200 303 "-" "PostmanRuntime/7.28.4"
::1 - - [21/Dec/2021:08:15:45 +0000] "GET /api/v1/categories/61c1878b8f62d11e60874557/quizs HTTP/1.1" 200 303 "-" "PostmanRuntime/7.28.4"
::1 - - [21/Dec/2021:08:16:33 +0000] "GET /api/v1/quizs HTTP/1.1" 200 382 "-" "PostmanRuntime/7.28.4"
::1 - - [21/Dec/2021:08:29:54 +0000] "GET /api/v1/categories/61c1878b8f62d11e60874557/quizs HTTP/1.1" 200 335 "-" "PostmanRuntime/7.28.4"
::1 - - [21/Dec/2021:12:21:58 +0000] "GET /api/v1/categories?select=name%20photo&sort=name HTTP/1.1" 200 238 "-" "PostmanRuntime/7.28.4"
::1 - - [21/Dec/2021:12:22:48 +0000] "GET /api/v1/categories?select=name%20photo&sort=name HTTP/1.1" 200 238 "-" "PostmanRuntime/7.28.4"
::1 - - [21/Dec/2021:12:24:31 +0000] "GET /api/v1/categories?select=name%20photo&sort=name HTTP/1.1" 200 238 "-" "PostmanRuntime/7.28.4"
::1 - - [21/Dec/2021:12:24:49 +0000] "GET /api/v1/categories?select=name%20photo&sort=name HTTP/1.1" 200 238 "-" "PostmanRuntime/7.28.4"
::1 - - [21/Dec/2021:12:24:55 +0000] "GET /api/v1/categories HTTP/1.1" 200 301 "-" "PostmanRuntime/7.28.4"
::1 - - [21/Dec/2021:12:25:19 +0000] "GET /api/v1/categories HTTP/1.1" 200 301 "-" "PostmanRuntime/7.28.4"
::1 - - [21/Dec/2021:12:25:21 +0000] "GET /api/v1/categories HTTP/1.1" 200 301 "-" "PostmanRuntime/7.28.4"
::1 - - [21/Dec/2021:12:26:14 +0000] "GET /api/v1/categories HTTP/1.1" 200 301 "-" "PostmanRuntime/7.28.4"
::1 - - [21/Dec/2021:12:26:28 +0000] "GET /api/v1/categories HTTP/1.1" 200 301 "-" "PostmanRuntime/7.28.4"
::1 - - [21/Dec/2021:12:26:30 +0000] "GET /api/v1/categories HTTP/1.1" 200 301 "-" "PostmanRuntime/7.28.4"
::1 - - [21/Dec/2021:12:26:33 +0000] "GET /api/v1/categories HTTP/1.1" 200 301 "-" "PostmanRuntime/7.28.4"
::1 - - [21/Dec/2021:12:26:34 +0000] "GET /api/v1/categories HTTP/1.1" 200 301 "-" "PostmanRuntime/7.28.4"
::1 - - [21/Dec/2021:12:26:35 +0000] "GET /api/v1/categories HTTP/1.1" 200 301 "-" "PostmanRuntime/7.28.4"
::1 - - [21/Dec/2021:12:26:35 +0000] "GET /api/v1/categories HTTP/1.1" 200 301 "-" "PostmanRuntime/7.28.4"
::1 - - [21/Dec/2021:12:26:36 +0000] "GET /api/v1/categories HTTP/1.1" 200 301 "-" "PostmanRuntime/7.28.4"
::1 - - [21/Dec/2021:12:26:36 +0000] "GET /api/v1/categories HTTP/1.1" 200 301 "-" "PostmanRuntime/7.28.4"
::1 - - [21/Dec/2021:12:26:36 +0000] "GET /api/v1/categories HTTP/1.1" 200 301 "-" "PostmanRuntime/7.28.4"
::1 - - [21/Dec/2021:12:26:37 +0000] "GET /api/v1/categories HTTP/1.1" 200 301 "-" "PostmanRuntime/7.28.4"
::1 - - [21/Dec/2021:12:26:37 +0000] "GET /api/v1/categories HTTP/1.1" 200 301 "-" "PostmanRuntime/7.28.4"
::1 - - [21/Dec/2021:12:26:37 +0000] "GET /api/v1/categories HTTP/1.1" 200 301 "-" "PostmanRuntime/7.28.4"
::1 - - [21/Dec/2021:12:26:38 +0000] "GET /api/v1/categories HTTP/1.1" 200 301 "-" "PostmanRuntime/7.28.4"
::1 - - [21/Dec/2021:12:27:08 +0000] "GET /api/v1/categories HTTP/1.1" 200 301 "-" "PostmanRuntime/7.28.4"
::1 - - [21/Dec/2021:12:29:05 +0000] "GET /api/v1/categories/61c14f52391a044fab280a34 HTTP/1.1" 400 44 "-" "PostmanRuntime/7.28.4"
::1 - - [21/Dec/2021:12:29:12 +0000] "GET /api/v1/categories/61c1878b8f62d11e60874557 HTTP/1.1" 500 28 "-" "PostmanRuntime/7.28.4"
::1 - - [21/Dec/2021:12:29:26 +0000] "GET /api/v1/categories/61c1878b8f62d11e60874557 HTTP/1.1" 500 28 "-" "PostmanRuntime/7.28.4"
::1 - - [21/Dec/2021:12:30:44 +0000] "GET /api/v1/categories/61c1878b8f62d11e60874557 HTTP/1.1" 500 28 "-" "PostmanRuntime/7.28.4"
::1 - - [21/Dec/2021:12:31:01 +0000] "GET /api/v1/categories/61c1878b8f62d11e60874557 HTTP/1.1" 200 1392 "-" "PostmanRuntime/7.28.4"
::1 - - [21/Dec/2021:12:36:45 +0000] "GET /api/v1/categories/61c1878b8f62d11e60874557 HTTP/1.1" 200 1392 "-" "PostmanRuntime/7.28.4"
::1 - - [21/Dec/2021:12:37:06 +0000] "GET /api/v1/quizs HTTP/1.1" 200 2835 "-" "PostmanRuntime/7.28.4"
::1 - - [21/Dec/2021:12:37:21 +0000] "GET /api/v1/categories HTTP/1.1" 200 301 "-" "PostmanRuntime/7.28.4"
::1 - - [21/Dec/2021:12:37:31 +0000] "DELETE /api/v1/categories/61c1878b8f62d11e60874557 HTTP/1.1" 200 161 "-" "PostmanRuntime/7.28.4"
::1 - - [21/Dec/2021:12:37:35 +0000] "GET /api/v1/categories HTTP/1.1" 200 163 "-" "PostmanRuntime/7.28.4"
::1 - - [21/Dec/2021:12:37:43 +0000] "GET /api/v1/quizs HTTP/1.1" 200 1502 "-" "PostmanRuntime/7.28.4"
::1 - - [21/Dec/2021:12:38:28 +0000] "GET /api/v1/quizs HTTP/1.1" 200 2835 "-" "PostmanRuntime/7.28.4"
::1 - - [21/Dec/2021:12:38:30 +0000] "GET /api/v1/categories HTTP/1.1" 200 301 "-" "PostmanRuntime/7.28.4"
::1 - - [21/Dec/2021:12:38:34 +0000] "GET /api/v1/categories/61c1878b8f62d11e60874557/quizs HTTP/1.1" 200 1257 "-" "PostmanRuntime/7.28.4"
::1 - - [21/Dec/2021:12:41:26 +0000] "GET /api/v1/quizs HTTP/1.1" 200 2835 "-" "PostmanRuntime/7.28.4"
::1 - - [21/Dec/2021:12:41:48 +0000] "GET /api/v1/quizs/61c1caa4256cf890444552ac HTTP/1.1" 404 176 "-" "PostmanRuntime/7.28.4"
::1 - - [21/Dec/2021:12:42:13 +0000] "GET /api/v1/quizs/ HTTP/1.1" 200 2835 "-" "PostmanRuntime/7.28.4"
::1 - - [21/Dec/2021:12:42:58 +0000] "GET /api/v1/quizs/61c1caa4256cf890444552ac HTTP/1.1" 404 176 "-" "PostmanRuntime/7.28.4"
::1 - - [21/Dec/2021:12:43:02 +0000] "GET /api/v1/61c1caa4256cf890444552ac HTTP/1.1" 404 170 "-" "PostmanRuntime/7.28.4"
::1 - - [21/Dec/2021:12:44:44 +0000] "GET /api/v1/quizs/61c1caa4256cf890444552ac HTTP/1.1" 404 176 "-" "PostmanRuntime/7.28.4"
::1 - - [21/Dec/2021:12:44:51 +0000] "GET /api/v1/quizs/ HTTP/1.1" 200 2835 "-" "PostmanRuntime/7.28.4"
::1 - - [21/Dec/2021:12:44:54 +0000] "GET /api/v1/quizs/61c1caa4256cf890444552ac HTTP/1.1" 404 176 "-" "PostmanRuntime/7.28.4"
::1 - - [21/Dec/2021:12:45:16 +0000] "GET /api/v1/quizs/61c1caa4256cf890444552ac HTTP/1.1" 404 176 "-" "PostmanRuntime/7.28.4"
::1 - - [21/Dec/2021:12:46:10 +0000] "GET /api/v1/quizs HTTP/1.1" 200 2835 "-" "PostmanRuntime/7.28.4"
::1 - - [21/Dec/2021:12:46:30 +0000] "GET /api/v1/quizs/61c1caa4256cf890444552ac HTTP/1.1" 404 176 "-" "PostmanRuntime/7.28.4"
::1 - - [21/Dec/2021:12:46:31 +0000] "GET /api/v1/quizs/61c1caa4256cf890444552ac HTTP/1.1" 404 176 "-" "PostmanRuntime/7.28.4"
::1 - - [21/Dec/2021:12:46:31 +0000] "GET /api/v1/quizs/61c1caa4256cf890444552ac HTTP/1.1" 404 176 "-" "PostmanRuntime/7.28.4"
::1 - - [21/Dec/2021:12:46:34 +0000] "GET /api/v1/quizs/61c1caa4256cf890444552ac HTTP/1.1" 404 176 "-" "PostmanRuntime/7.28.4"
::1 - - [21/Dec/2021:12:47:57 +0000] "GET /api/v1/quizs/61c1caa4256cf890444552a HTTP/1.1" 404 175 "-" "PostmanRuntime/7.28.4"
::1 - - [21/Dec/2021:12:48:00 +0000] "GET /api/v1/quizs/61c1caa4256cf890444552ac HTTP/1.1" 404 176 "-" "PostmanRuntime/7.28.4"
::1 - - [21/Dec/2021:12:48:04 +0000] "GET /api/v1/quizs/123 HTTP/1.1" 404 155 "-" "PostmanRuntime/7.28.4"
::1 - - [21/Dec/2021:12:48:07 +0000] "GET /api/v1/quizs/61c1caa4256cf890444552ac HTTP/1.1" 404 176 "-" "PostmanRuntime/7.28.4"
::1 - - [21/Dec/2021:12:48:10 +0000] "GET /api/v1/quizs HTTP/1.1" 200 2835 "-" "PostmanRuntime/7.28.4"
::1 - - [21/Dec/2021:12:48:26 +0000] "GET /api/v1/quizs/61c1c5ea310a71a34afd2a9a HTTP/1.1" 404 176 "-" "PostmanRuntime/7.28.4"
::1 - - [21/Dec/2021:12:49:05 +0000] "GET /api/v1/categories/61c1878b8f62d11e60874557/quizs HTTP/1.1" 200 1257 "-" "PostmanRuntime/7.28.4"
::1 - - [21/Dec/2021:12:49:11 +0000] "GET /api/v1/categories/61c1878b8f62d11e60874557 HTTP/1.1" 200 1392 "-" "PostmanRuntime/7.28.4"
::1 - - [21/Dec/2021:12:49:17 +0000] "GET /api/v1/categories/61c1878b8f62d11e60874557/quizs HTTP/1.1" 200 1257 "-" "PostmanRuntime/7.28.4"
::1 - - [21/Dec/2021:12:49:20 +0000] "GET /api/v1/quizs/61c1c5ea310a71a34afd2a9a HTTP/1.1" 404 176 "-" "PostmanRuntime/7.28.4"
::1 - - [21/Dec/2021:12:49:24 +0000] "GET /api/v1/categories/61c1c5ea310a71a34afd2a9a HTTP/1.1" 400 44 "-" "PostmanRuntime/7.28.4"
::1 - - [21/Dec/2021:12:49:27 +0000] "GET /api/v1/quizs/61c1c5ea310a71a34afd2a9a HTTP/1.1" 404 176 "-" "PostmanRuntime/7.28.4"
::1 - - [21/Dec/2021:12:50:13 +0000] "GET /api/v1/quizs/61c1c5ea310a71a34afd2a9a HTTP/1.1" 404 176 "-" "PostmanRuntime/7.28.4"
::1 - - [21/Dec/2021:12:50:14 +0000] "GET /api/v1/quizs/61c1c5ea310a71a34afd2a9a HTTP/1.1" 404 176 "-" "PostmanRuntime/7.28.4"
::1 - - [21/Dec/2021:12:50:14 +0000] "GET /api/v1/quizs/61c1c5ea310a71a34afd2a9a HTTP/1.1" 404 176 "-" "PostmanRuntime/7.28.4"
::1 - - [21/Dec/2021:12:50:16 +0000] "GET /api/v1/quizs/61c1c5ea310a71a34afd2a9a HTTP/1.1" 404 176 "-" "PostmanRuntime/7.28.4"
::1 - - [21/Dec/2021:12:50:17 +0000] "GET /api/v1/quizs/61c1c5ea310a71a34afd2a9a HTTP/1.1" 404 176 "-" "PostmanRuntime/7.28.4"
::1 - - [21/Dec/2021:12:55:57 +0000] "GET /api/v1/quizs HTTP/1.1" 200 2835 "-" "PostmanRuntime/7.28.4"
::1 - - [21/Dec/2021:12:56:08 +0000] "POST /api/v1/quizs HTTP/1.1" 500 28 "-" "PostmanRuntime/7.28.4"
::1 - - [21/Dec/2021:12:56:18 +0000] "POST /api/v1/quizs HTTP/1.1" 500 28 "-" "PostmanRuntime/7.28.4"
::1 - - [21/Dec/2021:12:56:42 +0000] "POST /api/v1/quizs HTTP/1.1" 200 1245 "-" "PostmanRuntime/7.28.4"
::1 - - [21/Dec/2021:12:57:05 +0000] "GET /api/v1/quizs/61c1c5ea310a71a34afd2a9a HTTP/1.1" 404 176 "-" "PostmanRuntime/7.28.4"
::1 - - [21/Dec/2021:12:57:08 +0000] "GET /api/v1/quizs/ HTTP/1.1" 200 4168 "-" "PostmanRuntime/7.28.4"
::1 - - [21/Dec/2021:12:57:14 +0000] "GET /api/v1/categories/61c1878b8f62d11e60874557/quizs HTTP/1.1" 200 2479 "-" "PostmanRuntime/7.28.4"
::1 - - [21/Dec/2021:12:58:44 +0000] "GET /api/v1/categories HTTP/1.1" 200 301 "-" "PostmanRuntime/7.28.4"
::1 - - [21/Dec/2021:12:58:48 +0000] "GET /api/v1/categories/61c1878b8f62d11e60874557 HTTP/1.1" 200 2614 "-" "PostmanRuntime/7.28.4"
::1 - - [21/Dec/2021:13:00:35 +0000] "GET /api/v1/quizs/ HTTP/1.1" 200 2835 "-" "PostmanRuntime/7.28.4"
::1 - - [21/Dec/2021:13:00:41 +0000] "GET /api/v1/quizs/61c1cfa0032bc6ddbf305867 HTTP/1.1" 404 176 "-" "PostmanRuntime/7.28.4"
::1 - - [21/Dec/2021:13:02:14 +0000] "GET /api/v1/quiz/61c1cfa0032bc6ddbf305867 HTTP/1.1" 404 175 "-" "PostmanRuntime/7.28.4"
::1 - - [21/Dec/2021:13:03:28 +0000] "GET /api/v1/quizs/61c1cfa0032bc6ddbf305867 HTTP/1.1" 404 176 "-" "PostmanRuntime/7.28.4"
::1 - - [21/Dec/2021:13:05:28 +0000] "GET /api/v1/quizs/61c1cfa0032bc6ddbf305867 HTTP/1.1" 404 176 "-" "PostmanRuntime/7.28.4"
::1 - - [21/Dec/2021:13:05:29 +0000] "GET /api/v1/quizs/61c1cfa0032bc6ddbf305867 HTTP/1.1" 404 176 "-" "PostmanRuntime/7.28.4"
::1 - - [21/Dec/2021:13:05:30 +0000] "GET /api/v1/quizs/61c1cfa0032bc6ddbf305867 HTTP/1.1" 404 176 "-" "PostmanRuntime/7.28.4"
::1 - - [21/Dec/2021:13:05:31 +0000] "GET /api/v1/quizs/61c1cfa0032bc6ddbf305867 HTTP/1.1" 404 176 "-" "PostmanRuntime/7.28.4"
::1 - - [21/Dec/2021:13:05:32 +0000] "GET /api/v1/quizs/61c1cfa0032bc6ddbf305867 HTTP/1.1" 404 176 "-" "PostmanRuntime/7.28.4"
::1 - - [21/Dec/2021:13:05:33 +0000] "GET /api/v1/quizs/61c1cfa0032bc6ddbf305867 HTTP/1.1" 404 176 "-" "PostmanRuntime/7.28.4"
::1 - - [21/Dec/2021:13:05:40 +0000] "GET /api/v1/quizs HTTP/1.1" 200 2835 "-" "PostmanRuntime/7.28.4"
::1 - - [21/Dec/2021:13:06:03 +0000] "GET /api/v1/quizs/61c1cfa0032bc6ddbf305861 HTTP/1.1" 404 176 "-" "PostmanRuntime/7.28.4"
::1 - - [21/Dec/2021:13:07:22 +0000] "GET /api/v1/quizs HTTP/1.1" 200 2835 "-" "PostmanRuntime/7.28.4"
::1 - - [21/Dec/2021:13:07:41 +0000] "GET /api/v1/quizs/61c1cfa0032bc6ddbf305867 HTTP/1.1" 404 176 "-" "PostmanRuntime/7.28.4"
::1 - - [21/Dec/2021:13:08:49 +0000] "GET /api/v1/quizs/61c1cfa0032bc6ddbf305867 HTTP/1.1" 200 1379 "-" "PostmanRuntime/7.28.4"
::1 - - [21/Dec/2021:13:10:28 +0000] "DELETE /api/v1/quizs/61c1cfa0032bc6ddbf305867 HTTP/1.1" 500 28 "-" "PostmanRuntime/7.28.4"
::1 - - [21/Dec/2021:13:10:43 +0000] "DELETE /api/v1/quizs/61c1cfa0032bc6ddbf305867 HTTP/1.1" 404 44 "-" "PostmanRuntime/7.28.4"
::1 - - [21/Dec/2021:13:10:53 +0000] "GET /api/v1/quizs/61c1cfa0032bc6ddbf305867 HTTP/1.1" 404 44 "-" "PostmanRuntime/7.28.4"
::1 - - [21/Dec/2021:13:10:58 +0000] "GET /api/v1/quizs/61c1cfa0032bc6ddbf305867 HTTP/1.1" 404 44 "-" "PostmanRuntime/7.28.4"
::1 - - [21/Dec/2021:13:11:02 +0000] "GET /api/v1/quizs HTTP/1.1" 200 1368 "-" "PostmanRuntime/7.28.4"
::1 - - [21/Dec/2021:13:11:16 +0000] "DELETE /api/v1/quizs/61c1cfa0032bc6ddbf305861 HTTP/1.1" 200 1245 "-" "PostmanRuntime/7.28.4"
::1 - - [21/Dec/2021:13:11:27 +0000] "GET /api/v1/quizs HTTP/1.1" 200 36 "-" "PostmanRuntime/7.28.4"
::1 - - [21/Dec/2021:13:11:32 +0000] "POST /api/v1/quizs HTTP/1.1" 200 1245 "-" "PostmanRuntime/7.28.4"
::1 - - [21/Dec/2021:13:11:35 +0000] "GET /api/v1/quizs HTTP/1.1" 200 1368 "-" "PostmanRuntime/7.28.4"
::1 - - [21/Dec/2021:13:14:02 +0000] "PUT /api/v1/quizs/61c1d284c7f89d71c7dab7b7 HTTP/1.1" 200 1245 "-" "PostmanRuntime/7.28.4"
::1 - - [21/Dec/2021:13:14:06 +0000] "GET /api/v1/quizs HTTP/1.1" 200 1368 "-" "PostmanRuntime/7.28.4"
::1 - - [21/Dec/2021:13:27:42 +0000] "GET /api/v1/quizs HTTP/1.1" 200 1368 "-" "PostmanRuntime/7.28.4"
::1 - - [21/Dec/2021:13:28:18 +0000] "PUT /api/v1/quizs/61c1d284c7f89d71c7dab7b7/photo HTTP/1.1" 500 28 "-" "PostmanRuntime/7.28.4"
::1 - - [21/Dec/2021:13:28:26 +0000] "PUT /api/v1/quizs/61c1d284c7f89d71c7dab7b7/photo HTTP/1.1" 500 28 "-" "PostmanRuntime/7.28.4"
::1 - - [21/Dec/2021:13:28:45 +0000] "PUT /api/v1/quizs/61c1d284c7f89d71c7dab7b7 HTTP/1.1" 200 1245 "-" "PostmanRuntime/7.28.4"
::1 - - [21/Dec/2021:13:29:12 +0000] "PUT /api/v1/quizs/61c1d284c7f89d71c7dab7b7/photo HTTP/1.1" 500 28 "-" "PostmanRuntime/7.28.4"
::1 - - [21/Dec/2021:13:32:26 +0000] "PUT /api/v1/quizs/61c1d284c7f89d71c7dab7b7/photo HTTP/1.1" 200 - "-" "PostmanRuntime/7.28.4"
::1 - - [21/Dec/2021:13:32:41 +0000] "PUT /api/v1/quizs/61c1d284c7f89d71c7dab7b7/photo HTTP/1.1" 500 28 "-" "PostmanRuntime/7.28.4"
::1 - - [21/Dec/2021:13:32:54 +0000] "PUT /api/v1/quizs/61c1d284c7f89d71c7dab7b7/photo HTTP/1.1" 200 - "-" "PostmanRuntime/7.28.4"
::1 - - [21/Dec/2021:13:33:52 +0000] "PUT /api/v1/quizs/61c1d284c7f89d71c7dab7b7/photo HTTP/1.1" 200 - "-" "PostmanRuntime/7.28.4"
::1 - - [21/Dec/2021:13:33:59 +0000] "PUT /api/v1/quizs/61c1d284c7f89d71c7dab7b7/photo HTTP/1.1" 500 28 "-" "PostmanRuntime/7.28.4"
::1 - - [21/Dec/2021:13:34:36 +0000] "PUT /api/v1/quizs/61c1d284c7f89d71c7dab7b7/photo HTTP/1.1" 500 28 "-" "PostmanRuntime/7.28.4"
::1 - - [21/Dec/2021:13:34:47 +0000] "PUT /api/v1/quizs/61c1d284c7f89d71c7dab7b7/photo HTTP/1.1" 500 28 "-" "PostmanRuntime/7.28.4"
::1 - - [21/Dec/2021:13:36:40 +0000] "PUT /api/v1/quizs/61c1d284c7f89d71c7dab7b7/photo HTTP/1.1" 200 - "-" "PostmanRuntime/7.28.4"
::1 - - [21/Dec/2021:13:38:07 +0000] "PUT /api/v1/quizs/61c1d284c7f89d71c7dab7b7/photo HTTP/1.1" 500 57 "-" "PostmanRuntime/7.28.4"
::1 - - [21/Dec/2021:13:38:19 +0000] "PUT /api/v1/quizs/61c1d284c7f89d71c7dab7b7/photo HTTP/1.1" 200 - "-" "PostmanRuntime/7.28.4"
::1 - - [21/Dec/2021:13:40:38 +0000] "PUT /api/v1/quizs/61c1d284c7f89d71c7dab7b7/photo HTTP/1.1" 200 60 "-" "PostmanRuntime/7.28.4"
::1 - - [21/Dec/2021:13:41:50 +0000] "PUT /api/v1/quizs/61c1d284c7f89d71c7dab7b7/photo HTTP/1.1" 200 60 "-" "PostmanRuntime/7.28.4"
::1 - - [21/Dec/2021:13:42:17 +0000] "GET /api/v1/quizs/61c1d284c7f89d71c7dab7b7 HTTP/1.1" 200 1267 "-" "PostmanRuntime/7.28.4"
::1 - - [21/Dec/2021:14:01:13 +0000] "GET /api/v1/categories/61c1878b8f62d11e60874557/quizs HTTP/1.1" 200 1279 "-" "PostmanRuntime/7.28.4"
::1 - - [21/Dec/2021:14:01:17 +0000] "GET /api/v1/quizs HTTP/1.1" 200 1390 "-" "PostmanRuntime/7.28.4"
::1 - - [21/Dec/2021:14:01:38 +0000] "GET /api/v1/quizs HTTP/1.1" 200 2835 "-" "PostmanRuntime/7.28.4"
::1 - - [21/Dec/2021:14:02:01 +0000] "GET /api/v1/categories/61c1878b8f62d11e60874557/quizs HTTP/1.1" 200 1257 "-" "PostmanRuntime/7.28.4"
::1 - - [21/Dec/2021:14:15:24 +0000] "GET /api/v1/quizs HTTP/1.1" 200 2726 "-" "PostmanRuntime/7.28.4"
::1 - - [21/Dec/2021:14:15:31 +0000] "GET /api/v1/categories/61c1de3f082af1f86d748808/quizs HTTP/1.1" 404 187 "-" "PostmanRuntime/7.28.4"
::1 - - [21/Dec/2021:14:15:38 +0000] "GET /api/v1/categories/61c1878b8f62d11e60874557 HTTP/1.1" 200 1392 "-" "PostmanRuntime/7.28.4"
::1 - - [21/Dec/2021:14:15:48 +0000] "GET /api/v1/categories/61c1878b8f62d11e60874557 HTTP/1.1" 200 1392 "-" "PostmanRuntime/7.28.4"
::1 - - [21/Dec/2021:14:15:52 +0000] "GET /api/v1/categories/61c1878b8f62d11e60874557/books HTTP/1.1" 200 1257 "-" "PostmanRuntime/7.28.4"
::1 - - [21/Dec/2021:14:16:20 +0000] "GET /api/v1/categories/61c1878b8f62d11e60874557/quizs HTTP/1.1" 404 187 "-" "PostmanRuntime/7.28.4"
::1 - - [21/Dec/2021:14:16:33 +0000] "GET /api/v1/categories/61c1878b8f62d11e60874557/quizs HTTP/1.1" 200 1257 "-" "PostmanRuntime/7.28.4"
::1 - - [21/Dec/2021:14:16:41 +0000] "GET /api/v1/categories/61c1878b8f62d11e60874557/quizs HTTP/1.1" 200 1257 "-" "PostmanRuntime/7.28.4"
::1 - - [21/Dec/2021:15:49:29 +0000] "POST /api/v1/users HTTP/1.1" 200 16 "-" "PostmanRuntime/7.28.4"
::1 - - [21/Dec/2021:15:49:48 +0000] "POST /api/v1/users HTTP/1.1" 200 88 "-" "PostmanRuntime/7.28.4"
::1 - - [21/Dec/2021:15:53:23 +0000] "POST /api/v1/users HTTP/1.1" 200 234 "-" "PostmanRuntime/7.28.4"
